{"/Users/Den/Documents/code/sequra/sequra/src/pages/PaymentInformation.js": {"path":"/Users/Den/Documents/code/sequra/sequra/src/pages/PaymentInformation.js","statementMap":{"0":{"start":{"line":2,"column":16},"end":{"line":22,"column":1}},"1":{"start":{"line":16,"column":20},"end":{"line":18,"column":3}},"2":{"start":{"line":19,"column":18},"end":{"line":21,"column":3}},"3":{"start":{"line":23,"column":15},"end":{"line":30,"column":1}},"4":{"start":{"line":31,"column":14},"end":{"line":33,"column":1}},"5":{"start":{"line":34,"column":16},"end":{"line":38,"column":1}},"6":{"start":{"line":39,"column":15},"end":{"line":45,"column":1}},"7":{"start":{"line":47,"column":27},"end":{"line":68,"column":1}},"8":{"start":{"line":48,"column":39},"end":{"line":48,"column":44}},"9":{"start":{"line":49,"column":4},"end":{"line":67,"column":5}}},"fnMap":{"0":{"name":"(anonymous_0)","decl":{"start":{"line":16,"column":6},"end":{"line":16,"column":7}},"loc":{"start":{"line":16,"column":20},"end":{"line":18,"column":3}},"line":16},"1":{"name":"(anonymous_1)","decl":{"start":{"line":19,"column":4},"end":{"line":19,"column":5}},"loc":{"start":{"line":19,"column":18},"end":{"line":21,"column":3}},"line":19},"2":{"name":"(anonymous_2)","decl":{"start":{"line":47,"column":27},"end":{"line":47,"column":28}},"loc":{"start":{"line":47,"column":38},"end":{"line":68,"column":1}},"line":47}},"branchMap":{"0":{"loc":{"start":{"line":16,"column":20},"end":{"line":18,"column":3}},"type":"binary-expr","locations":[{"start":{"line":16,"column":20},"end":{"line":16,"column":24}},{"start":{"line":16,"column":28},"end":{"line":18,"column":3}}],"line":16},"1":{"loc":{"start":{"line":19,"column":18},"end":{"line":21,"column":3}},"type":"binary-expr","locations":[{"start":{"line":19,"column":18},"end":{"line":19,"column":23}},{"start":{"line":19,"column":27},"end":{"line":21,"column":3}}],"line":19}},"s":{"0":2,"1":4,"2":4,"3":2,"4":2,"5":2,"6":2,"7":2,"8":4,"9":4},"f":{"0":4,"1":4,"2":4},"b":{"0":[4,2],"1":[4,2]},"_coverageSchema":"1a1c01bbd47fc00a2c39e90264f33305004495a9","hash":"2ff02b15619ffaf3f68c33776d0b5547493d0948"}
,"/Users/Den/Documents/code/sequra/sequra/src/pages/PaymentOptions.js": {"path":"/Users/Den/Documents/code/sequra/sequra/src/pages/PaymentOptions.js","statementMap":{"0":{"start":{"line":7,"column":13},"end":{"line":14,"column":1}},"1":{"start":{"line":15,"column":15},"end":{"line":19,"column":1}},"2":{"start":{"line":20,"column":13},"end":{"line":24,"column":1}},"3":{"start":{"line":25,"column":16},"end":{"line":27,"column":1}},"4":{"start":{"line":28,"column":15},"end":{"line":31,"column":1}},"5":{"start":{"line":33,"column":23},"end":{"line":74,"column":1}},"6":{"start":{"line":34,"column":50},"end":{"line":34,"column":65}},"7":{"start":{"line":35,"column":50},"end":{"line":35,"column":62}},"8":{"start":{"line":36,"column":26},"end":{"line":36,"column":36}},"9":{"start":{"line":38,"column":4},"end":{"line":43,"column":20}},"10":{"start":{"line":39,"column":8},"end":{"line":42,"column":11}},"11":{"start":{"line":40,"column":12},"end":{"line":40,"column":41}},"12":{"start":{"line":41,"column":12},"end":{"line":41,"column":54}},"13":{"start":{"line":45,"column":24},"end":{"line":47,"column":5}},"14":{"start":{"line":46,"column":8},"end":{"line":46,"column":34}},"15":{"start":{"line":49,"column":29},"end":{"line":51,"column":5}},"16":{"start":{"line":50,"column":8},"end":{"line":50,"column":110}},"17":{"start":{"line":53,"column":4},"end":{"line":73,"column":6}},"18":{"start":{"line":59,"column":39},"end":{"line":59,"column":63}},"19":{"start":{"line":66,"column":24},"end":{"line":66,"column":142}},"20":{"start":{"line":70,"column":86},"end":{"line":70,"column":99}}},"fnMap":{"0":{"name":"(anonymous_0)","decl":{"start":{"line":33,"column":23},"end":{"line":33,"column":24}},"loc":{"start":{"line":33,"column":43},"end":{"line":74,"column":1}},"line":33},"1":{"name":"(anonymous_1)","decl":{"start":{"line":38,"column":14},"end":{"line":38,"column":15}},"loc":{"start":{"line":38,"column":20},"end":{"line":43,"column":5}},"line":38},"2":{"name":"(anonymous_2)","decl":{"start":{"line":39,"column":79},"end":{"line":39,"column":80}},"loc":{"start":{"line":39,"column":93},"end":{"line":42,"column":9}},"line":39},"3":{"name":"(anonymous_3)","decl":{"start":{"line":45,"column":24},"end":{"line":45,"column":25}},"loc":{"start":{"line":45,"column":30},"end":{"line":47,"column":5}},"line":45},"4":{"name":"(anonymous_4)","decl":{"start":{"line":49,"column":29},"end":{"line":49,"column":30}},"loc":{"start":{"line":49,"column":40},"end":{"line":51,"column":5}},"line":49},"5":{"name":"(anonymous_5)","decl":{"start":{"line":59,"column":31},"end":{"line":59,"column":32}},"loc":{"start":{"line":59,"column":37},"end":{"line":59,"column":65}},"line":59},"6":{"name":"(anonymous_6)","decl":{"start":{"line":65,"column":41},"end":{"line":65,"column":42}},"loc":{"start":{"line":66,"column":24},"end":{"line":66,"column":142}},"line":66},"7":{"name":"(anonymous_7)","decl":{"start":{"line":70,"column":78},"end":{"line":70,"column":79}},"loc":{"start":{"line":70,"column":84},"end":{"line":70,"column":101}},"line":70}},"branchMap":{},"s":{"0":1,"1":1,"2":1,"3":1,"4":1,"5":1,"6":2,"7":2,"8":2,"9":2,"10":1,"11":1,"12":1,"13":2,"14":0,"15":2,"16":0,"17":2,"18":0,"19":2,"20":0},"f":{"0":2,"1":1,"2":1,"3":0,"4":0,"5":0,"6":2,"7":0},"b":{},"_coverageSchema":"1a1c01bbd47fc00a2c39e90264f33305004495a9","hash":"8da7062b82078c36309ce245724941c0bb217f11"}
,"/Users/Den/Documents/code/sequra/sequra/src/pages/api/EventsApi.js": {"path":"/Users/Den/Documents/code/sequra/sequra/src/pages/api/EventsApi.js","statementMap":{"0":{"start":{"line":3,"column":12},"end":{"line":3,"column":20}},"1":{"start":{"line":5,"column":25},"end":{"line":18,"column":1}},"2":{"start":{"line":7,"column":25},"end":{"line":15,"column":10}},"3":{"start":{"line":16,"column":8},"end":{"line":16,"column":29}}},"fnMap":{"0":{"name":"(anonymous_0)","decl":{"start":{"line":6,"column":29},"end":{"line":6,"column":30}},"loc":{"start":{"line":6,"column":67},"end":{"line":17,"column":5}},"line":6}},"branchMap":{},"s":{"0":1,"1":1,"2":0,"3":0},"f":{"0":0},"b":{},"_coverageSchema":"1a1c01bbd47fc00a2c39e90264f33305004495a9","hash":"4f51becf4420ee616dcc4c3038ed4ab6eea52356"}
,"/Users/Den/Documents/code/sequra/sequra/src/pages/api/config/axiosConfig.js": {"path":"/Users/Den/Documents/code/sequra/sequra/src/pages/api/config/axiosConfig.js","statementMap":{"0":{"start":{"line":3,"column":19},"end":{"line":6,"column":2}},"1":{"start":{"line":9,"column":21},"end":{"line":18,"column":1}},"2":{"start":{"line":10,"column":23},"end":{"line":10,"column":45}},"3":{"start":{"line":13,"column":4},"end":{"line":15,"column":5}},"4":{"start":{"line":14,"column":8},"end":{"line":14,"column":28}},"5":{"start":{"line":17,"column":4},"end":{"line":17,"column":32}},"6":{"start":{"line":22,"column":0},"end":{"line":24,"column":2}},"7":{"start":{"line":23,"column":4},"end":{"line":23,"column":30}}},"fnMap":{"0":{"name":"(anonymous_0)","decl":{"start":{"line":9,"column":21},"end":{"line":9,"column":22}},"loc":{"start":{"line":9,"column":32},"end":{"line":18,"column":1}},"line":9},"1":{"name":"(anonymous_1)","decl":{"start":{"line":22,"column":41},"end":{"line":22,"column":42}},"loc":{"start":{"line":22,"column":52},"end":{"line":24,"column":1}},"line":22}},"branchMap":{"0":{"loc":{"start":{"line":13,"column":4},"end":{"line":15,"column":5}},"type":"if","locations":[{"start":{"line":13,"column":4},"end":{"line":15,"column":5}},{"start":{},"end":{}}],"line":13},"1":{"loc":{"start":{"line":13,"column":8},"end":{"line":13,"column":40}},"type":"binary-expr","locations":[{"start":{"line":13,"column":8},"end":{"line":13,"column":18}},{"start":{"line":13,"column":22},"end":{"line":13,"column":40}}],"line":13}},"s":{"0":1,"1":1,"2":0,"3":0,"4":0,"5":0,"6":1,"7":0},"f":{"0":0,"1":0},"b":{"0":[0,0],"1":[0,0]},"_coverageSchema":"1a1c01bbd47fc00a2c39e90264f33305004495a9","hash":"030ce6a6218edf273644de476f1f5b45d145945c"}
}
