TN:
SF:src/pages/PaymentInformation.js
FN:16,(anonymous_0)
FN:19,(anonymous_1)
FN:47,(anonymous_2)
FNF:3
FNH:3
FNDA:4,(anonymous_0)
FNDA:4,(anonymous_1)
FNDA:4,(anonymous_2)
DA:2,2
DA:16,4
DA:19,4
DA:23,2
DA:31,2
DA:34,2
DA:39,2
DA:47,2
DA:48,4
DA:49,4
LF:10
LH:10
BRDA:16,0,0,4
BRDA:16,0,1,2
BRDA:19,1,0,4
BRDA:19,1,1,2
BRF:4
BRH:4
end_of_record
TN:
SF:src/pages/PaymentOptions.js
FN:33,(anonymous_0)
FN:38,(anonymous_1)
FN:39,(anonymous_2)
FN:45,(anonymous_3)
FN:49,(anonymous_4)
FN:59,(anonymous_5)
FN:65,(anonymous_6)
FN:70,(anonymous_7)
FNF:8
FNH:4
FNDA:2,(anonymous_0)
FNDA:1,(anonymous_1)
FNDA:1,(anonymous_2)
FNDA:0,(anonymous_3)
FNDA:0,(anonymous_4)
FNDA:0,(anonymous_5)
FNDA:2,(anonymous_6)
FNDA:0,(anonymous_7)
DA:7,1
DA:15,1
DA:20,1
DA:25,1
DA:28,1
DA:33,1
DA:34,2
DA:35,2
DA:36,2
DA:38,2
DA:39,1
DA:40,1
DA:41,1
DA:45,2
DA:46,0
DA:49,2
DA:50,0
DA:53,2
DA:59,0
DA:66,2
DA:70,0
LF:21
LH:17
BRF:0
BRH:0
end_of_record
TN:
SF:src/pages/api/EventsApi.js
FN:6,(anonymous_0)
FNF:1
FNH:0
FNDA:0,(anonymous_0)
DA:3,1
DA:5,1
DA:7,0
DA:16,0
LF:4
LH:2
BRF:0
BRH:0
end_of_record
TN:
SF:src/pages/api/config/axiosConfig.js
FN:9,(anonymous_0)
FN:22,(anonymous_1)
FNF:2
FNH:0
FNDA:0,(anonymous_0)
FNDA:0,(anonymous_1)
DA:3,1
DA:9,1
DA:10,0
DA:13,0
DA:14,0
DA:17,0
DA:22,1
DA:23,0
LF:8
LH:3
BRDA:13,0,0,0
BRDA:13,0,1,0
BRDA:13,1,0,0
BRDA:13,1,1,0
BRF:4
BRH:0
end_of_record
